2022-02-28 10:10:36.614  INFO 4664 --- [restartedMain] c.cognizant.LocationServiceApplication   : Starting LocationServiceApplication using Java 1.8.0_261 on DESKTOP-FSK0MVI with PID 4664 (D:\cts\ADMJF022\stage4\MS\ms6-DB-config-server\location-service\target\classes started by Shanmugapriya in D:\cts\ADMJF022\stage4\MS\ms6-DB-config-server\location-service)
2022-02-28 10:10:36.626 DEBUG 4664 --- [restartedMain] c.cognizant.LocationServiceApplication   : Running with Spring Boot v2.6.4, Spring v5.3.16
2022-02-28 10:10:36.628  INFO 4664 --- [restartedMain] c.cognizant.LocationServiceApplication   : No active profile set, falling back to 1 default profile: "default"
2022-02-28 10:10:36.764  INFO 4664 --- [restartedMain] o.s.b.context.config.ConfigDataLoader    : Fetching config from server at : http://localhost:6666
2022-02-28 10:10:36.765  INFO 4664 --- [restartedMain] o.s.b.context.config.ConfigDataLoader    : Located environment: name=location-service, profiles=[default], label=null, version=a7f4d5aa0ed3efaaeaa5839169bbe22cfb35cc41, state=null
2022-02-28 10:10:36.768  INFO 4664 --- [restartedMain] .e.DevToolsPropertyDefaultsPostProcessor : Devtools property defaults active! Set 'spring.devtools.add-properties' to 'false' to disable
2022-02-28 10:10:36.768  INFO 4664 --- [restartedMain] .e.DevToolsPropertyDefaultsPostProcessor : For additional web related logging consider setting the 'logging.level.web' property to 'DEBUG'
2022-02-28 10:10:38.773  INFO 4664 --- [restartedMain] .s.d.r.c.RepositoryConfigurationDelegate : Bootstrapping Spring Data JPA repositories in DEFAULT mode.
2022-02-28 10:10:39.168  INFO 4664 --- [restartedMain] .s.d.r.c.RepositoryConfigurationDelegate : Finished Spring Data repository scanning in 352 ms. Found 1 JPA repository interfaces.
2022-02-28 10:10:39.971  INFO 4664 --- [restartedMain] o.s.cloud.context.scope.GenericScope     : BeanFactory id=3f97b59b-8f82-3043-a161-e1f2d3a07ee0
2022-02-28 10:10:41.313  INFO 4664 --- [restartedMain] o.s.b.w.embedded.tomcat.TomcatWebServer  : Tomcat initialized with port(s): 9003 (http)
2022-02-28 10:10:41.335  INFO 4664 --- [restartedMain] o.apache.catalina.core.StandardService   : Starting service [Tomcat]
2022-02-28 10:10:41.336  INFO 4664 --- [restartedMain] org.apache.catalina.core.StandardEngine  : Starting Servlet engine: [Apache Tomcat/9.0.58]
2022-02-28 10:10:41.663  INFO 4664 --- [restartedMain] o.a.c.c.C.[Tomcat].[localhost].[/]       : Initializing Spring embedded WebApplicationContext
2022-02-28 10:10:41.664  INFO 4664 --- [restartedMain] w.s.c.ServletWebServerApplicationContext : Root WebApplicationContext: initialization completed in 4894 ms
2022-02-28 10:10:42.581  INFO 4664 --- [restartedMain] o.hibernate.jpa.internal.util.LogHelper  : HHH000204: Processing PersistenceUnitInfo [name: default]
2022-02-28 10:10:43.132  INFO 4664 --- [restartedMain] org.hibernate.Version                    : HHH000412: Hibernate ORM core version 5.6.5.Final
2022-02-28 10:10:44.545  INFO 4664 --- [restartedMain] o.hibernate.annotations.common.Version   : HCANN000001: Hibernate Commons Annotations {5.1.2.Final}
2022-02-28 10:10:45.151  INFO 4664 --- [restartedMain] com.zaxxer.hikari.HikariDataSource       : HikariPool-1 - Starting...
2022-02-28 10:10:46.903  INFO 4664 --- [restartedMain] com.zaxxer.hikari.HikariDataSource       : HikariPool-1 - Start completed.
2022-02-28 10:10:46.976  INFO 4664 --- [restartedMain] org.hibernate.dialect.Dialect            : HHH000400: Using dialect: org.hibernate.dialect.MySQL8Dialect
2022-02-28 10:10:50.310  INFO 4664 --- [restartedMain] o.h.e.t.j.p.i.JtaPlatformInitiator       : HHH000490: Using JtaPlatform implementation: [org.hibernate.engine.transaction.jta.platform.internal.NoJtaPlatform]
2022-02-28 10:10:50.364  INFO 4664 --- [restartedMain] j.LocalContainerEntityManagerFactoryBean : Initialized JPA EntityManagerFactory for persistence unit 'default'
2022-02-28 10:10:51.602  WARN 4664 --- [restartedMain] JpaBaseConfiguration$JpaWebConfiguration : spring.jpa.open-in-view is enabled by default. Therefore, database queries may be performed during view rendering. Explicitly configure spring.jpa.open-in-view to disable this warning
2022-02-28 10:10:52.390  WARN 4664 --- [restartedMain] o.s.b.d.a.OptionalLiveReloadServer       : Unable to start LiveReload server
2022-02-28 10:10:53.156  INFO 4664 --- [restartedMain] DiscoveryClientOptionalArgsConfiguration : Eureka HTTP Client uses RestTemplate.
2022-02-28 10:10:53.979  WARN 4664 --- [restartedMain] iguration$LoadBalancerCaffeineWarnLogger : Spring Cloud LoadBalancer is currently working with the default cache. While this cache implementation is useful for development and tests, it's recommended to use Caffeine cache in production.You can switch to using Caffeine cache, by adding it and org.springframework.cache.caffeine.CaffeineCacheManager to the classpath.
2022-02-28 10:10:54.115  INFO 4664 --- [restartedMain] o.s.c.n.eureka.InstanceInfoFactory       : Setting initial instance status as: STARTING
2022-02-28 10:10:54.209  INFO 4664 --- [restartedMain] com.netflix.discovery.DiscoveryClient    : Initializing Eureka in region us-east-1
2022-02-28 10:10:54.217  INFO 4664 --- [restartedMain] c.n.d.s.r.aws.ConfigClusterResolver      : Resolving eureka endpoints via configuration
2022-02-28 10:10:54.658  INFO 4664 --- [restartedMain] com.netflix.discovery.DiscoveryClient    : Disable delta property : false
2022-02-28 10:10:54.658  INFO 4664 --- [restartedMain] com.netflix.discovery.DiscoveryClient    : Single vip registry refresh property : null
2022-02-28 10:10:54.659  INFO 4664 --- [restartedMain] com.netflix.discovery.DiscoveryClient    : Force full registry fetch : false
2022-02-28 10:10:54.659  INFO 4664 --- [restartedMain] com.netflix.discovery.DiscoveryClient    : Application is null : false
2022-02-28 10:10:54.659  INFO 4664 --- [restartedMain] com.netflix.discovery.DiscoveryClient    : Registered Applications size is zero : true
2022-02-28 10:10:54.659  INFO 4664 --- [restartedMain] com.netflix.discovery.DiscoveryClient    : Application version is -1: true
2022-02-28 10:10:54.659  INFO 4664 --- [restartedMain] com.netflix.discovery.DiscoveryClient    : Getting all instance registry info from the eureka server
2022-02-28 10:10:54.951  INFO 4664 --- [restartedMain] com.netflix.discovery.DiscoveryClient    : The response status is 200
2022-02-28 10:10:54.957  INFO 4664 --- [restartedMain] com.netflix.discovery.DiscoveryClient    : Starting heartbeat executor: renew interval is: 30
2022-02-28 10:10:54.961  INFO 4664 --- [restartedMain] c.n.discovery.InstanceInfoReplicator     : InstanceInfoReplicator onDemand update allowed rate per min is 4
2022-02-28 10:10:54.970  INFO 4664 --- [restartedMain] com.netflix.discovery.DiscoveryClient    : Discovery Client initialized at timestamp 1646023254969 with initial instances count: 1
2022-02-28 10:10:54.977  INFO 4664 --- [restartedMain] o.s.c.n.e.s.EurekaServiceRegistry        : Registering application LOCATION-SERVICE with eureka with status UP
2022-02-28 10:10:54.978  INFO 4664 --- [restartedMain] com.netflix.discovery.DiscoveryClient    : Saw local status change event StatusChangeEvent [timestamp=1646023254978, current=UP, previous=STARTING]
2022-02-28 10:10:54.983  INFO 4664 --- [DiscoveryClient-InstanceInfoReplicator-0] com.netflix.discovery.DiscoveryClient    : DiscoveryClient_LOCATION-SERVICE/host.docker.internal:location-service:9003: registering service...
2022-02-28 10:10:55.029  INFO 4664 --- [restartedMain] o.s.b.w.embedded.tomcat.TomcatWebServer  : Tomcat started on port(s): 9003 (http) with context path ''
2022-02-28 10:10:55.030  INFO 4664 --- [restartedMain] .s.c.n.e.s.EurekaAutoServiceRegistration : Updating port to 9003
2022-02-28 10:10:55.115  INFO 4664 --- [DiscoveryClient-InstanceInfoReplicator-0] com.netflix.discovery.DiscoveryClient    : DiscoveryClient_LOCATION-SERVICE/host.docker.internal:location-service:9003 - registration status: 204
2022-02-28 10:10:56.152  INFO 4664 --- [restartedMain] c.cognizant.LocationServiceApplication   : Started LocationServiceApplication in 27.633 seconds (JVM running for 29.651)
2022-02-28 10:13:04.635  INFO 4664 --- [http-nio-9003-exec-1] o.a.c.c.C.[Tomcat].[localhost].[/]       : Initializing Spring DispatcherServlet 'dispatcherServlet'
2022-02-28 10:13:04.655  INFO 4664 --- [http-nio-9003-exec-1] o.s.web.servlet.DispatcherServlet        : Initializing Servlet 'dispatcherServlet'
2022-02-28 10:13:04.657  INFO 4664 --- [http-nio-9003-exec-1] o.s.web.servlet.DispatcherServlet        : Completed initialization in 2 ms
2022-02-28 10:13:04.717  INFO 4664 --- [http-nio-9003-exec-1] com.cognizant.service.LocationService    : start
2022-02-28 10:13:04.770 DEBUG 4664 --- [http-nio-9003-exec-1] org.hibernate.SQL                        : select location0_.location_id as location1_0_0_, location0_.location_name as location2_0_0_ from location location0_ where location0_.location_id=?
2022-02-28 10:13:04.789 TRACE 4664 --- [http-nio-9003-exec-1] o.h.type.descriptor.sql.BasicBinder      : binding parameter [1] as [INTEGER] - [11]
2022-02-28 10:13:05.039 TRACE 4664 --- [http-nio-9003-exec-1] o.h.type.descriptor.sql.BasicExtractor   : extracted value ([location2_0_0_] : [VARCHAR]) - [Bangalore]
2022-02-28 10:13:05.061 DEBUG 4664 --- [http-nio-9003-exec-1] com.cognizant.service.LocationService    : Locations is :Location(locationId=11, locationName=Bangalore)
2022-02-28 10:13:05.062  INFO 4664 --- [http-nio-9003-exec-1] com.cognizant.service.LocationService    : end
2022-02-28 10:13:33.085  INFO 4664 --- [http-nio-9003-exec-2] com.cognizant.service.LocationService    : start
2022-02-28 10:13:33.089 DEBUG 4664 --- [http-nio-9003-exec-2] org.hibernate.SQL                        : select location0_.location_id as location1_0_0_, location0_.location_name as location2_0_0_ from location location0_ where location0_.location_id=?
2022-02-28 10:13:33.090 TRACE 4664 --- [http-nio-9003-exec-2] o.h.type.descriptor.sql.BasicBinder      : binding parameter [1] as [INTEGER] - [11]
2022-02-28 10:13:33.098 TRACE 4664 --- [http-nio-9003-exec-2] o.h.type.descriptor.sql.BasicExtractor   : extracted value ([location2_0_0_] : [VARCHAR]) - [Bangalore]
2022-02-28 10:13:33.101 DEBUG 4664 --- [http-nio-9003-exec-2] com.cognizant.service.LocationService    : Locations is :Location(locationId=11, locationName=Bangalore)
2022-02-28 10:13:33.101  INFO 4664 --- [http-nio-9003-exec-2] com.cognizant.service.LocationService    : end
2022-02-28 10:13:40.682  INFO 4664 --- [http-nio-9003-exec-3] com.cognizant.service.LocationService    : start
2022-02-28 10:13:40.686 DEBUG 4664 --- [http-nio-9003-exec-3] org.hibernate.SQL                        : select location0_.location_id as location1_0_0_, location0_.location_name as location2_0_0_ from location location0_ where location0_.location_id=?
2022-02-28 10:13:40.688 TRACE 4664 --- [http-nio-9003-exec-3] o.h.type.descriptor.sql.BasicBinder      : binding parameter [1] as [INTEGER] - [22]
2022-02-28 10:13:40.691 TRACE 4664 --- [http-nio-9003-exec-3] o.h.type.descriptor.sql.BasicExtractor   : extracted value ([location2_0_0_] : [VARCHAR]) - [Mangalore]
2022-02-28 10:13:40.700 DEBUG 4664 --- [http-nio-9003-exec-3] com.cognizant.service.LocationService    : Locations is :Location(locationId=22, locationName=Mangalore)
2022-02-28 10:13:40.700  INFO 4664 --- [http-nio-9003-exec-3] com.cognizant.service.LocationService    : end
2022-02-28 10:14:01.274  INFO 4664 --- [http-nio-9003-exec-5] com.cognizant.service.LocationService    : start
2022-02-28 10:14:01.482 DEBUG 4664 --- [http-nio-9003-exec-5] org.hibernate.SQL                        : select location0_.location_id as location1_0_, location0_.location_name as location2_0_ from location location0_
2022-02-28 10:14:01.486 TRACE 4664 --- [http-nio-9003-exec-5] o.h.type.descriptor.sql.BasicExtractor   : extracted value ([location1_0_] : [INTEGER]) - [11]
2022-02-28 10:14:01.487 TRACE 4664 --- [http-nio-9003-exec-5] o.h.type.descriptor.sql.BasicExtractor   : extracted value ([location2_0_] : [VARCHAR]) - [Bangalore]
2022-02-28 10:14:01.488 TRACE 4664 --- [http-nio-9003-exec-5] o.h.type.descriptor.sql.BasicExtractor   : extracted value ([location1_0_] : [INTEGER]) - [22]
2022-02-28 10:14:01.489 TRACE 4664 --- [http-nio-9003-exec-5] o.h.type.descriptor.sql.BasicExtractor   : extracted value ([location2_0_] : [VARCHAR]) - [Mangalore]
2022-02-28 10:14:01.490 TRACE 4664 --- [http-nio-9003-exec-5] o.h.type.descriptor.sql.BasicExtractor   : extracted value ([location1_0_] : [INTEGER]) - [33]
2022-02-28 10:14:01.491 TRACE 4664 --- [http-nio-9003-exec-5] o.h.type.descriptor.sql.BasicExtractor   : extracted value ([location2_0_] : [VARCHAR]) - [Pune]
2022-02-28 10:14:01.491 TRACE 4664 --- [http-nio-9003-exec-5] o.h.type.descriptor.sql.BasicExtractor   : extracted value ([location1_0_] : [INTEGER]) - [44]
2022-02-28 10:14:01.492 TRACE 4664 --- [http-nio-9003-exec-5] o.h.type.descriptor.sql.BasicExtractor   : extracted value ([location2_0_] : [VARCHAR]) - [Chennai]
2022-02-28 10:14:01.492 TRACE 4664 --- [http-nio-9003-exec-5] o.h.type.descriptor.sql.BasicExtractor   : extracted value ([location1_0_] : [INTEGER]) - [55]
2022-02-28 10:14:01.495 TRACE 4664 --- [http-nio-9003-exec-5] o.h.type.descriptor.sql.BasicExtractor   : extracted value ([location2_0_] : [VARCHAR]) - [Mumbai]
2022-02-28 10:14:01.533 DEBUG 4664 --- [http-nio-9003-exec-5] com.cognizant.service.LocationService    : Locations are :[Location(locationId=11, locationName=Bangalore), Location(locationId=22, locationName=Mangalore), Location(locationId=33, locationName=Pune), Location(locationId=44, locationName=Chennai), Location(locationId=55, locationName=Mumbai)]
2022-02-28 10:14:01.534  INFO 4664 --- [http-nio-9003-exec-5] com.cognizant.service.LocationService    : end
2022-02-28 10:14:07.650  INFO 4664 --- [http-nio-9003-exec-9] com.cognizant.service.LocationService    : start
2022-02-28 10:14:07.654 DEBUG 4664 --- [http-nio-9003-exec-9] org.hibernate.SQL                        : select location0_.location_id as location1_0_0_, location0_.location_name as location2_0_0_ from location location0_ where location0_.location_id=?
2022-02-28 10:14:07.655 TRACE 4664 --- [http-nio-9003-exec-9] o.h.type.descriptor.sql.BasicBinder      : binding parameter [1] as [INTEGER] - [22]
2022-02-28 10:14:07.658 TRACE 4664 --- [http-nio-9003-exec-9] o.h.type.descriptor.sql.BasicExtractor   : extracted value ([location2_0_0_] : [VARCHAR]) - [Mangalore]
2022-02-28 10:14:07.667 DEBUG 4664 --- [http-nio-9003-exec-9] com.cognizant.service.LocationService    : Locations is :Location(locationId=22, locationName=Mangalore)
2022-02-28 10:14:07.668  INFO 4664 --- [http-nio-9003-exec-9] com.cognizant.service.LocationService    : end
2022-02-28 10:15:00.175  INFO 4664 --- [http-nio-9003-exec-3] com.cognizant.service.LocationService    : start
2022-02-28 10:15:00.183 DEBUG 4664 --- [http-nio-9003-exec-3] org.hibernate.SQL                        : select location0_.location_id as location1_0_0_, location0_.location_name as location2_0_0_ from location location0_ where location0_.location_id=?
2022-02-28 10:15:00.185 TRACE 4664 --- [http-nio-9003-exec-3] o.h.type.descriptor.sql.BasicBinder      : binding parameter [1] as [INTEGER] - [22]
2022-02-28 10:15:00.188 TRACE 4664 --- [http-nio-9003-exec-3] o.h.type.descriptor.sql.BasicExtractor   : extracted value ([location2_0_0_] : [VARCHAR]) - [Mangalore]
2022-02-28 10:15:00.191 DEBUG 4664 --- [http-nio-9003-exec-3] com.cognizant.service.LocationService    : Locations is :Location(locationId=22, locationName=Mangalore)
2022-02-28 10:15:00.191  INFO 4664 --- [http-nio-9003-exec-3] com.cognizant.service.LocationService    : end
2022-02-28 10:15:54.676  INFO 4664 --- [AsyncResolver-bootstrap-executor-0] c.n.d.s.r.aws.ConfigClusterResolver      : Resolving eureka endpoints via configuration
2022-02-28 10:18:49.839  INFO 4664 --- [RMI TCP Connection(2)-127.0.0.1] inMXBeanRegistrar$SpringApplicationAdmin : Application shutdown requested.
2022-02-28 10:18:49.841  INFO 4664 --- [RMI TCP Connection(2)-127.0.0.1] o.s.c.n.e.s.EurekaServiceRegistry        : Unregistering application LOCATION-SERVICE with eureka with status DOWN
2022-02-28 10:18:49.841  INFO 4664 --- [RMI TCP Connection(2)-127.0.0.1] com.netflix.discovery.DiscoveryClient    : Saw local status change event StatusChangeEvent [timestamp=1646023729841, current=DOWN, previous=UP]
2022-02-28 10:18:49.842  INFO 4664 --- [DiscoveryClient-InstanceInfoReplicator-0] com.netflix.discovery.DiscoveryClient    : DiscoveryClient_LOCATION-SERVICE/host.docker.internal:location-service:9003: registering service...
2022-02-28 10:18:50.195  INFO 4664 --- [RMI TCP Connection(2)-127.0.0.1] j.LocalContainerEntityManagerFactoryBean : Closing JPA EntityManagerFactory for persistence unit 'default'
2022-02-28 10:18:50.200  INFO 4664 --- [RMI TCP Connection(2)-127.0.0.1] com.zaxxer.hikari.HikariDataSource       : HikariPool-1 - Shutdown initiated...
2022-02-28 10:18:50.223  INFO 4664 --- [RMI TCP Connection(2)-127.0.0.1] com.zaxxer.hikari.HikariDataSource       : HikariPool-1 - Shutdown completed.
2022-02-28 10:18:50.224  INFO 4664 --- [RMI TCP Connection(2)-127.0.0.1] com.netflix.discovery.DiscoveryClient    : Shutting down DiscoveryClient ...
2022-02-28 10:18:53.232  INFO 4664 --- [RMI TCP Connection(2)-127.0.0.1] com.netflix.discovery.DiscoveryClient    : Unregistering ...
2022-02-28 10:18:53.942  INFO 4664 --- [DiscoveryClient-InstanceInfoReplicator-0] c.n.d.s.t.d.RedirectingEurekaHttpClient  : Request execution error. endpoint=DefaultEndpoint{ serviceUrl='http://localhost:8761/eureka/} exception=I/O error on POST request for "http://localhost:8761/eureka/apps/LOCATION-SERVICE": Connect to localhost:8761 [localhost/127.0.0.1, localhost/0:0:0:0:0:0:0:1] failed: Connection refused: connect; nested exception is org.apache.http.conn.HttpHostConnectException: Connect to localhost:8761 [localhost/127.0.0.1, localhost/0:0:0:0:0:0:0:1] failed: Connection refused: connect stacktrace=org.springframework.web.client.ResourceAccessException: I/O error on POST request for "http://localhost:8761/eureka/apps/LOCATION-SERVICE": Connect to localhost:8761 [localhost/127.0.0.1, localhost/0:0:0:0:0:0:0:1] failed: Connection refused: connect; nested exception is org.apache.http.conn.HttpHostConnectException: Connect to localhost:8761 [localhost/127.0.0.1, localhost/0:0:0:0:0:0:0:1] failed: Connection refused: connect
	at org.springframework.web.client.RestTemplate.doExecute(RestTemplate.java:785)
	at org.springframework.web.client.RestTemplate.execute(RestTemplate.java:711)
	at org.springframework.web.client.RestTemplate.exchange(RestTemplate.java:602)
	at org.springframework.cloud.netflix.eureka.http.RestTemplateEurekaHttpClient.register(RestTemplateEurekaHttpClient.java:77)
	at com.netflix.discovery.shared.transport.decorator.EurekaHttpClientDecorator$1.execute(EurekaHttpClientDecorator.java:59)
	at com.netflix.discovery.shared.transport.decorator.RedirectingEurekaHttpClient.execute(RedirectingEurekaHttpClient.java:91)
	at com.netflix.discovery.shared.transport.decorator.EurekaHttpClientDecorator.register(EurekaHttpClientDecorator.java:56)
	at com.netflix.discovery.shared.transport.decorator.EurekaHttpClientDecorator$1.execute(EurekaHttpClientDecorator.java:59)
	at com.netflix.discovery.shared.transport.decorator.RetryableEurekaHttpClient.execute(RetryableEurekaHttpClient.java:120)
	at com.netflix.discovery.shared.transport.decorator.EurekaHttpClientDecorator.register(EurekaHttpClientDecorator.java:56)
	at com.netflix.discovery.shared.transport.decorator.EurekaHttpClientDecorator$1.execute(EurekaHttpClientDecorator.java:59)
	at com.netflix.discovery.shared.transport.decorator.SessionedEurekaHttpClient.execute(SessionedEurekaHttpClient.java:77)
	at com.netflix.discovery.shared.transport.decorator.EurekaHttpClientDecorator.register(EurekaHttpClientDecorator.java:56)
	at com.netflix.discovery.DiscoveryClient.register(DiscoveryClient.java:876)
	at com.netflix.discovery.InstanceInfoReplicator.run(InstanceInfoReplicator.java:121)
	at com.netflix.discovery.InstanceInfoReplicator$1.run(InstanceInfoReplicator.java:101)
	at java.util.concurrent.Executors$RunnableAdapter.call(Unknown Source)
	at java.util.concurrent.FutureTask.run(Unknown Source)
	at java.util.concurrent.ScheduledThreadPoolExecutor$ScheduledFutureTask.access$201(Unknown Source)
	at java.util.concurrent.ScheduledThreadPoolExecutor$ScheduledFutureTask.run(Unknown Source)
	at java.util.concurrent.ThreadPoolExecutor.runWorker(Unknown Source)
	at java.util.concurrent.ThreadPoolExecutor$Worker.run(Unknown Source)
	at java.lang.Thread.run(Unknown Source)
Caused by: org.apache.http.conn.HttpHostConnectException: Connect to localhost:8761 [localhost/127.0.0.1, localhost/0:0:0:0:0:0:0:1] failed: Connection refused: connect
	at org.apache.http.impl.conn.DefaultHttpClientConnectionOperator.connect(DefaultHttpClientConnectionOperator.java:156)
	at org.apache.http.impl.conn.PoolingHttpClientConnectionManager.connect(PoolingHttpClientConnectionManager.java:376)
	at org.apache.http.impl.execchain.MainClientExec.establishRoute(MainClientExec.java:393)
	at org.apache.http.impl.execchain.MainClientExec.execute(MainClientExec.java:236)
	at org.apache.http.impl.execchain.ProtocolExec.execute(ProtocolExec.java:186)
	at org.apache.http.impl.execchain.RetryExec.execute(RetryExec.java:89)
	at org.apache.http.impl.execchain.RedirectExec.execute(RedirectExec.java:110)
	at org.apache.http.impl.client.InternalHttpClient.doExecute(InternalHttpClient.java:185)
	at org.apache.http.impl.client.CloseableHttpClient.execute(CloseableHttpClient.java:83)
	at org.apache.http.impl.client.CloseableHttpClient.execute(CloseableHttpClient.java:56)
	at org.springframework.http.client.HttpComponentsClientHttpRequest.executeInternal(HttpComponentsClientHttpRequest.java:87)
	at org.springframework.http.client.AbstractBufferingClientHttpRequest.executeInternal(AbstractBufferingClientHttpRequest.java:48)
	at org.springframework.http.client.AbstractClientHttpRequest.execute(AbstractClientHttpRequest.java:66)
	at org.springframework.web.client.RestTemplate.doExecute(RestTemplate.java:776)
	... 22 more
Caused by: java.net.ConnectException: Connection refused: connect
	at java.net.DualStackPlainSocketImpl.connect0(Native Method)
	at java.net.DualStackPlainSocketImpl.socketConnect(Unknown Source)
	at java.net.AbstractPlainSocketImpl.doConnect(Unknown Source)
	at java.net.AbstractPlainSocketImpl.connectToAddress(Unknown Source)
	at java.net.AbstractPlainSocketImpl.connect(Unknown Source)
	at java.net.PlainSocketImpl.connect(Unknown Source)
	at java.net.SocksSocketImpl.connect(Unknown Source)
	at java.net.Socket.connect(Unknown Source)
	at org.apache.http.conn.socket.PlainConnectionSocketFactory.connectSocket(PlainConnectionSocketFactory.java:75)
	at org.apache.http.impl.conn.DefaultHttpClientConnectionOperator.connect(DefaultHttpClientConnectionOperator.java:142)
	... 35 more

2022-02-28 10:18:53.943  WARN 4664 --- [DiscoveryClient-InstanceInfoReplicator-0] c.n.d.s.t.d.RetryableEurekaHttpClient    : Request execution failed with message: I/O error on POST request for "http://localhost:8761/eureka/apps/LOCATION-SERVICE": Connect to localhost:8761 [localhost/127.0.0.1, localhost/0:0:0:0:0:0:0:1] failed: Connection refused: connect; nested exception is org.apache.http.conn.HttpHostConnectException: Connect to localhost:8761 [localhost/127.0.0.1, localhost/0:0:0:0:0:0:0:1] failed: Connection refused: connect
